<?xml version="1.0" encoding="UTF-8"?>
<testng-results skipped="0" failed="0" ignored="0" total="1" passed="1">
  <reporter-output>
  </reporter-output>
  <suite name="Default suite" duration-ms="58" started-at="2019-10-02T09:39:05Z" finished-at="2019-10-02T09:39:05Z">
    <groups>
    </groups>
    <test name="Default test" duration-ms="58" started-at="2019-10-02T09:39:05Z" finished-at="2019-10-02T09:39:05Z">
      <class name="my_Learning.Example">
        <test-method status="PASS" signature="ex1()[pri:0, instance:my_Learning.Example@343f4d3d]" name="ex1" is-config="true" duration-ms="8" started-at="2019-10-02T09:39:05Z" finished-at="2019-10-02T09:39:05Z">
          <reporter-output>
          </reporter-output>
        </test-method> <!-- ex1 -->
        <test-method status="PASS" signature="ram()[pri:0, instance:my_Learning.Example@343f4d3d]" name="ram" duration-ms="6" started-at="2019-10-02T09:39:05Z" finished-at="2019-10-02T09:39:05Z">
          <reporter-output>
          </reporter-output>
        </test-method> <!-- ram -->
        <test-method status="PASS" signature="ex2()[pri:0, instance:my_Learning.Example@343f4d3d]" name="ex2" is-config="true" duration-ms="0" started-at="2019-10-02T09:39:05Z" finished-at="2019-10-02T09:39:05Z">
          <reporter-output>
          </reporter-output>
        </test-method> <!-- ex2 -->
      </class> <!-- my_Learning.Example -->
    </test> <!-- Default test -->
  </suite> <!-- Default suite -->
</testng-results>
